#
# A fatal error has been detected by the Java Runtime Environment:
#
#  Internal Error (classFileParser.cpp:3494), pid=27427, tid=140668785239808
#  Error: ShouldNotReachHere()
#
# JRE version: 6.0_23-b23
# Java VM: OpenJDK 64-Bit Server VM (20.0-b11 mixed mode linux-amd64 compressed oops)
# Derivative: IcedTea6 1.11pre
# Distribution: Ubuntu 11.10, package 6b23~pre11-0ubuntu1.11.10.2
# If you would like to submit a bug report, please include
# instructions how to reproduce the bug and visit:
#   https://bugs.launchpad.net/ubuntu/+source/openjdk-6/
#

---------------  T H R E A D  ---------------

Current thread (0x0000000000cd1800):  JavaThread "Unknown thread" [_thread_in_vm, id=27432, stack(0x00007ff000e9a000,0x00007ff000f9b000)]

Stack: [0x00007ff000e9a000,0x00007ff000f9b000],  sp=0x00007ff000f99060,  free space=1020k
Native frames: (J=compiled Java code, j=interpreted, Vv=VM code, C=native code)
V  [libjvm.so+0x783225]  VMError::report(outputStream*)+0x1255
V  [libjvm.so+0x7834a9]  VMError::report_and_die()+0x169
V  [libjvm.so+0x3bb13a]  report_vm_error(char const*, int, char const*, char const*)+0x4a
V  [libjvm.so+0x351515]  ClassFileParser::parseClassFile(symbolHandle, Handle, Handle, KlassHandle, GrowableArray<Handle>*, symbolHandle&, bool, Thread*)+0x1545
V  [libjvm.so+0x355773]  ClassLoader::load_classfile(symbolHandle, Thread*)+0x1f3
V  [libjvm.so+0x71b564]  SystemDictionary::load_instance_class(symbolHandle, Handle, Thread*)+0x354
V  [libjvm.so+0x719c70]  SystemDictionary::resolve_instance_class_or_null(symbolHandle, Handle, Handle, Thread*)+0x7c0
V  [libjvm.so+0x71bbf3]  SystemDictionary::resolve_or_fail(symbolHandle, Handle, Handle, bool, Thread*)+0x33
V  [libjvm.so+0x71bcd4]  SystemDictionary::resolve_or_fail(symbolHandle, bool, Thread*)+0x14
V  [libjvm.so+0x71bd80]  SystemDictionary::initialize_wk_klass(SystemDictionary::WKID, int, Thread*)+0xa0
V  [libjvm.so+0x71bde9]  SystemDictionary::initialize_wk_klasses_until(SystemDictionary::WKID, SystemDictionary::WKID&, Thread*)+0x59
V  [libjvm.so+0x71bee1]  SystemDictionary::initialize_preloaded_classes(Thread*)+0x71
V  [libjvm.so+0x75f65f]  Universe::genesis(Thread*)+0x11f
V  [libjvm.so+0x76000f]  universe2_init()+0x1f
V  [libjvm.so+0x473ea5]  init_globals()+0x95
V  [libjvm.so+0x749f9a]  Threads::create_vm(JavaVMInitArgs*, bool*)+0x1ea
V  [libjvm.so+0x4cdb51]  JNI_CreateJavaVM+0x61
C  [java+0x315e]  JavaMain+0x7e


---------------  P R O C E S S  ---------------

Java Threads: ( => current thread )

Other Threads:

=>0x0000000000cd1800 (exited) JavaThread "Unknown thread" [_thread_in_vm, id=27432, stack(0x00007ff000e9a000,0x00007ff000f9b000)]

VM state:not at safepoint (not fully initialized)

VM Mutex/Monitor currently owned by a thread: None

Dynamic libraries:
00400000-00409000 r-xp 00000000 08:03 268773                             /usr/lib/jvm/java-6-openjdk/jre/bin/java
00608000-00609000 r--p 00008000 08:03 268773                             /usr/lib/jvm/java-6-openjdk/jre/bin/java
00609000-0060a000 rw-p 00009000 08:03 268773                             /usr/lib/jvm/java-6-openjdk/jre/bin/java
00cc7000-00d60000 rw-p 00000000 00:00 0                                  [heap]
77a400000-77b8c0000 rw-p 00000000 00:00 0 
77b8c0000-784a00000 rw-p 00000000 00:00 0 
784a00000-789c40000 rw-p 00000000 00:00 0 
789c40000-7d6e00000 rw-p 00000000 00:00 0 
7d6e00000-7d9710000 rw-p 00000000 00:00 0 
7d9710000-800000000 rw-p 00000000 00:00 0 
7feff4000000-7feff4021000 rw-p 00000000 00:00 0 
7feff4021000-7feff8000000 ---p 00000000 00:00 0 
7feff9e2f000-7feff9e8e000 r--s 00492000 08:04 15075750                   /home/ben/apps/android-sdk-linux/platforms/android-7/android.jar
7feff9e8e000-7feff9eb6000 rw-p 00000000 00:00 0 
7feff9eb6000-7feff9eb7000 ---p 00000000 00:00 0 
7feff9eb7000-7feff9fb7000 rw-p 00000000 00:00 0 
7feff9fb7000-7feff9fb8000 ---p 00000000 00:00 0 
7feff9fb8000-7feffa0b8000 rw-p 00000000 00:00 0 
7feffa0b8000-7feffa0b9000 ---p 00000000 00:00 0 
7feffa0b9000-7feffa1b9000 rw-p 00000000 00:00 0 
7feffa1b9000-7feffa1ba000 ---p 00000000 00:00 0 
7feffa1ba000-7feffa2ba000 rw-p 00000000 00:00 0 
7feffa2ba000-7feffa2bb000 ---p 00000000 00:00 0 
7feffa2bb000-7feffa3bb000 rw-p 00000000 00:00 0 
7feffa3bb000-7feffa3bc000 ---p 00000000 00:00 0 
7feffa3bc000-7feffa4bc000 rw-p 00000000 00:00 0 
7feffa4bc000-7feffa4bd000 ---p 00000000 00:00 0 
7feffa4bd000-7feffa5bd000 rw-p 00000000 00:00 0 
7feffa5bd000-7feffa5be000 ---p 00000000 00:00 0 
7feffa5be000-7feffa6c9000 rw-p 00000000 00:00 0 
7feffa6c9000-7feffa711000 rw-p 00000000 00:00 0 
7feffa711000-7feffa73b000 rw-p 00000000 00:00 0 
7feffa73b000-7feffa9a3000 rw-p 00000000 00:00 0 
7feffa9a3000-7feffa9ae000 rw-p 00000000 00:00 0 
7feffa9ae000-7feffa9f6000 rw-p 00000000 00:00 0 
7feffa9f6000-7feffaa20000 rw-p 00000000 00:00 0 
7feffaa20000-7feffac88000 rw-p 00000000 00:00 0 
7feffac88000-7feffac9d000 rw-p 00000000 00:00 0 
7feffac9d000-7feffadd1000 rw-p 00000000 00:00 0 
7feffadd1000-7feffadd2000 rw-p 00000000 00:00 0 
7feffadd2000-7feffb042000 rwxp 00000000 00:00 0 
7feffb042000-7feffddd2000 rw-p 00000000 00:00 0 
7feffddd2000-7feffddd9000 r-xp 00000000 08:03 282110                     /usr/lib/jvm/java-6-openjdk/jre/lib/amd64/libzip.so
7feffddd9000-7feffdfd8000 ---p 00007000 08:03 282110                     /usr/lib/jvm/java-6-openjdk/jre/lib/amd64/libzip.so
7feffdfd8000-7feffdfd9000 r--p 00006000 08:03 282110                     /usr/lib/jvm/java-6-openjdk/jre/lib/amd64/libzip.so
7feffdfd9000-7feffdfda000 rw-p 00007000 08:03 282110                     /usr/lib/jvm/java-6-openjdk/jre/lib/amd64/libzip.so
7feffdfda000-7feffdfe6000 r-xp 00000000 08:03 533781                     /lib/x86_64-linux-gnu/libnss_files-2.13.so
7feffdfe6000-7feffe1e5000 ---p 0000c000 08:03 533781                     /lib/x86_64-linux-gnu/libnss_files-2.13.so
7feffe1e5000-7feffe1e6000 r--p 0000b000 08:03 533781                     /lib/x86_64-linux-gnu/libnss_files-2.13.so
7feffe1e6000-7feffe1e7000 rw-p 0000c000 08:03 533781                     /lib/x86_64-linux-gnu/libnss_files-2.13.so
7feffe1e7000-7feffe1f1000 r-xp 00000000 08:03 533783                     /lib/x86_64-linux-gnu/libnss_nis-2.13.so
7feffe1f1000-7feffe3f1000 ---p 0000a000 08:03 533783                     /lib/x86_64-linux-gnu/libnss_nis-2.13.so
7feffe3f1000-7feffe3f2000 r--p 0000a000 08:03 533783                     /lib/x86_64-linux-gnu/libnss_nis-2.13.so
7feffe3f2000-7feffe3f3000 rw-p 0000b000 08:03 533783                     /lib/x86_64-linux-gnu/libnss_nis-2.13.so
7feffe3f3000-7feffe40a000 r-xp 00000000 08:03 533778                     /lib/x86_64-linux-gnu/libnsl-2.13.so
7feffe40a000-7feffe609000 ---p 00017000 08:03 533778                     /lib/x86_64-linux-gnu/libnsl-2.13.so
7feffe609000-7feffe60a000 r--p 00016000 08:03 533778                     /lib/x86_64-linux-gnu/libnsl-2.13.so
7feffe60a000-7feffe60b000 rw-p 00017000 08:03 533778                     /lib/x86_64-linux-gnu/libnsl-2.13.so
7feffe60b000-7feffe60d000 rw-p 00000000 00:00 0 
7feffe60d000-7feffe615000 r-xp 00000000 08:03 533779                     /lib/x86_64-linux-gnu/libnss_compat-2.13.so
7feffe615000-7feffe814000 ---p 00008000 08:03 533779                     /lib/x86_64-linux-gnu/libnss_compat-2.13.so
7feffe814000-7feffe815000 r--p 00007000 08:03 533779                     /lib/x86_64-linux-gnu/libnss_compat-2.13.so
7feffe815000-7feffe816000 rw-p 00008000 08:03 533779                     /lib/x86_64-linux-gnu/libnss_compat-2.13.so
7feffe816000-7feffe842000 r-xp 00000000 08:03 268812                     /usr/lib/jvm/java-6-openjdk/jre/lib/amd64/libjava.so
7feffe842000-7feffea41000 ---p 0002c000 08:03 268812                     /usr/lib/jvm/java-6-openjdk/jre/lib/amd64/libjava.so
7feffea41000-7feffea42000 r--p 0002b000 08:03 268812                     /usr/lib/jvm/java-6-openjdk/jre/lib/amd64/libjava.so
7feffea42000-7feffea45000 rw-p 0002c000 08:03 268812                     /usr/lib/jvm/java-6-openjdk/jre/lib/amd64/libjava.so
7feffea45000-7feffea53000 r-xp 00000000 08:03 268796                     /usr/lib/jvm/java-6-openjdk/jre/lib/amd64/libverify.so
7feffea53000-7feffec52000 ---p 0000e000 08:03 268796                     /usr/lib/jvm/java-6-openjdk/jre/lib/amd64/libverify.so
7feffec52000-7feffec54000 r--p 0000d000 08:03 268796                     /usr/lib/jvm/java-6-openjdk/jre/lib/amd64/libverify.so
7feffec54000-7feffec55000 rw-p 0000f000 08:03 268796                     /usr/lib/jvm/java-6-openjdk/jre/lib/amd64/libverify.so
7feffec55000-7feffec5c000 r-xp 00000000 08:03 533788                     /lib/x86_64-linux-gnu/librt-2.13.so
7feffec5c000-7feffee5b000 ---p 00007000 08:03 533788                     /lib/x86_64-linux-gnu/librt-2.13.so
7feffee5b000-7feffee5c000 r--p 00006000 08:03 533788                     /lib/x86_64-linux-gnu/librt-2.13.so
7feffee5c000-7feffee5d000 rw-p 00007000 08:03 533788                     /lib/x86_64-linux-gnu/librt-2.13.so
7feffee5d000-7feffee72000 r-xp 00000000 08:03 526434                     /lib/x86_64-linux-gnu/libgcc_s.so.1
7feffee72000-7fefff071000 ---p 00015000 08:03 526434                     /lib/x86_64-linux-gnu/libgcc_s.so.1
7fefff071000-7fefff072000 r--p 00014000 08:03 526434                     /lib/x86_64-linux-gnu/libgcc_s.so.1
7fefff072000-7fefff073000 rw-p 00015000 08:03 526434                     /lib/x86_64-linux-gnu/libgcc_s.so.1
7fefff073000-7fefff0f6000 r-xp 00000000 08:03 533776                     /lib/x86_64-linux-gnu/libm-2.13.so
7fefff0f6000-7fefff2f5000 ---p 00083000 08:03 533776                     /lib/x86_64-linux-gnu/libm-2.13.so
7fefff2f5000-7fefff2f6000 r--p 00082000 08:03 533776                     /lib/x86_64-linux-gnu/libm-2.13.so
7fefff2f6000-7fefff2f7000 rw-p 00083000 08:03 533776                     /lib/x86_64-linux-gnu/libm-2.13.so
7fefff2f7000-7fefff3df000 r-xp 00000000 08:03 272954                     /usr/lib/x86_64-linux-gnu/libstdc++.so.6.0.16
7fefff3df000-7fefff5df000 ---p 000e8000 08:03 272954                     /usr/lib/x86_64-linux-gnu/libstdc++.so.6.0.16
7fefff5df000-7fefff5e7000 r--p 000e8000 08:03 272954                     /usr/lib/x86_64-linux-gnu/libstdc++.so.6.0.16
7fefff5e7000-7fefff5e9000 rw-p 000f0000 08:03 272954                     /usr/lib/x86_64-linux-gnu/libstdc++.so.6.0.16
7fefff5e9000-7fefff5fe000 rw-p 00000000 00:00 0 
7fefff5fe000-7feffff01000 r-xp 00000000 08:03 291240                     /usr/lib/jvm/java-6-openjdk/jre/lib/amd64/server/libjvm.so
7feffff01000-7ff000100000 ---p 00903000 08:03 291240                     /usr/lib/jvm/java-6-openjdk/jre/lib/amd64/server/libjvm.so
7ff000100000-7ff000181000 r--p 00902000 08:03 291240                     /usr/lib/jvm/java-6-openjdk/jre/lib/amd64/server/libjvm.so
7ff000181000-7ff00019c000 rw-p 00983000 08:03 291240                     /usr/lib/jvm/java-6-openjdk/jre/lib/amd64/server/libjvm.so
7ff00019c000-7ff0001c5000 rw-p 00000000 00:00 0 
7ff0001c5000-7ff0001dc000 r-xp 00000000 08:03 526496                     /lib/x86_64-linux-gnu/libz.so.1.2.3.4
7ff0001dc000-7ff0003db000 ---p 00017000 08:03 526496                     /lib/x86_64-linux-gnu/libz.so.1.2.3.4
7ff0003db000-7ff0003dc000 r--p 00016000 08:03 526496                     /lib/x86_64-linux-gnu/libz.so.1.2.3.4
7ff0003dc000-7ff0003dd000 rw-p 00017000 08:03 526496                     /lib/x86_64-linux-gnu/libz.so.1.2.3.4
7ff0003dd000-7ff000574000 r-xp 00000000 08:03 533772                     /lib/x86_64-linux-gnu/libc-2.13.so
7ff000574000-7ff000773000 ---p 00197000 08:03 533772                     /lib/x86_64-linux-gnu/libc-2.13.so
7ff000773000-7ff000777000 r--p 00196000 08:03 533772                     /lib/x86_64-linux-gnu/libc-2.13.so
7ff000777000-7ff000778000 rw-p 0019a000 08:03 533772                     /lib/x86_64-linux-gnu/libc-2.13.so
7ff000778000-7ff00077e000 rw-p 00000000 00:00 0 
7ff00077e000-7ff000780000 r-xp 00000000 08:03 533775                     /lib/x86_64-linux-gnu/libdl-2.13.so
7ff000780000-7ff000980000 ---p 00002000 08:03 533775                     /lib/x86_64-linux-gnu/libdl-2.13.so
7ff000980000-7ff000981000 r--p 00002000 08:03 533775                     /lib/x86_64-linux-gnu/libdl-2.13.so
7ff000981000-7ff000982000 rw-p 00003000 08:03 533775                     /lib/x86_64-linux-gnu/libdl-2.13.so
7ff000982000-7ff000986000 r-xp 00000000 08:03 268794                     /usr/lib/jvm/java-6-openjdk/jre/lib/amd64/jli/libjli.so
7ff000986000-7ff000b85000 ---p 00004000 08:03 268794                     /usr/lib/jvm/java-6-openjdk/jre/lib/amd64/jli/libjli.so
7ff000b85000-7ff000b86000 r--p 00003000 08:03 268794                     /usr/lib/jvm/java-6-openjdk/jre/lib/amd64/jli/libjli.so
7ff000b86000-7ff000b87000 rw-p 00004000 08:03 268794                     /usr/lib/jvm/java-6-openjdk/jre/lib/amd64/jli/libjli.so
7ff000b87000-7ff000b9f000 r-xp 00000000 08:03 533786                     /lib/x86_64-linux-gnu/libpthread-2.13.so
7ff000b9f000-7ff000d9e000 ---p 00018000 08:03 533786                     /lib/x86_64-linux-gnu/libpthread-2.13.so
7ff000d9e000-7ff000d9f000 r--p 00017000 08:03 533786                     /lib/x86_64-linux-gnu/libpthread-2.13.so
7ff000d9f000-7ff000da0000 rw-p 00018000 08:03 533786                     /lib/x86_64-linux-gnu/libpthread-2.13.so
7ff000da0000-7ff000da4000 rw-p 00000000 00:00 0 
7ff000da4000-7ff000dc5000 r-xp 00000000 08:03 533769                     /lib/x86_64-linux-gnu/ld-2.13.so
7ff000dda000-7ff000de4000 rw-p 00000000 00:00 0 
7ff000de4000-7ff000e9a000 rw-p 00000000 00:00 0 
7ff000e9a000-7ff000e9d000 ---p 00000000 00:00 0 
7ff000e9d000-7ff000fa0000 rw-p 00000000 00:00 0 
7ff000fb8000-7ff000fc0000 rw-s 00000000 08:03 1175608                    /tmp/hsperfdata_ben/27427
7ff000fc0000-7ff000fc1000 rw-p 00000000 00:00 0 
7ff000fc1000-7ff000fc2000 r--p 00000000 00:00 0 
7ff000fc2000-7ff000fc4000 rw-p 00000000 00:00 0 
7ff000fc4000-7ff000fc5000 r--p 00020000 08:03 533769                     /lib/x86_64-linux-gnu/ld-2.13.so
7ff000fc5000-7ff000fc7000 rw-p 00021000 08:03 533769                     /lib/x86_64-linux-gnu/ld-2.13.so
7fff56183000-7fff561a4000 rw-p 00000000 00:00 0                          [stack]
7fff561ff000-7fff56200000 r-xp 00000000 00:00 0                          [vdso]
ffffffffff600000-ffffffffff601000 r-xp 00000000 00:00 0                  [vsyscall]

VM Arguments:
jvm_args: -Dfile.encoding=UTF-8 -Xbootclasspath:/home/ben/apps/android-sdk-linux/platforms/android-7/android.jar 
java_command: com.benweissmann.zmobile.util.TextWrapper
Launcher Type: SUN_STANDARD

Environment Variables:
PATH=/home/ben/bin:/usr/lib/lightdm/lightdm:/usr/local/sbin:/usr/local/bin:/usr/sbin:/usr/bin:/sbin:/bin:/usr/games:/usr/bin/mh
USERNAME=ben
LD_LIBRARY_PATH=/usr/lib/jvm/java-6-openjdk/jre/lib/amd64/server:/usr/lib/jvm/java-6-openjdk/jre/lib/amd64:/usr/lib/jvm/java-6-openjdk/jre/../lib/amd64
SHELL=/bin/bash
DISPLAY=:0

Signal Handlers:
SIGSEGV: [libjvm.so+0x783e60], sa_mask[0]=0x7ffbfeff, sa_flags=0x10000004
SIGBUS: [libjvm.so+0x783e60], sa_mask[0]=0x7ffbfeff, sa_flags=0x10000004
SIGFPE: [libjvm.so+0x6485c0], sa_mask[0]=0x7ffbfeff, sa_flags=0x10000004
SIGPIPE: [libjvm.so+0x6485c0], sa_mask[0]=0x7ffbfeff, sa_flags=0x10000004
SIGXFSZ: [libjvm.so+0x6485c0], sa_mask[0]=0x7ffbfeff, sa_flags=0x10000004
SIGILL: [libjvm.so+0x6485c0], sa_mask[0]=0x7ffbfeff, sa_flags=0x10000004
SIGUSR1: SIG_DFL, sa_mask[0]=0x00000000, sa_flags=0x00000000
SIGUSR2: [libjvm.so+0x648770], sa_mask[0]=0x00000004, sa_flags=0x10000004
SIGHUP: SIG_DFL, sa_mask[0]=0x00000000, sa_flags=0x00000000
SIGINT: SIG_DFL, sa_mask[0]=0x00000000, sa_flags=0x00000000
SIGTERM: SIG_DFL, sa_mask[0]=0x00000000, sa_flags=0x00000000
SIGQUIT: SIG_DFL, sa_mask[0]=0x00000000, sa_flags=0x00000000


---------------  S Y S T E M  ---------------

OS:LinuxMint 12 (lisa)
uname:Linux 3.0.0-15-generic #26-Ubuntu SMP Fri Jan 20 17:23:00 UTC 2012 x86_64
libc:glibc 2.13 NPTL 2.13 
rlimit: STACK 8192k, CORE 0k, NPROC 62987, NOFILE 4096, AS infinity
load average:0.07 0.21 0.22

/proc/meminfo:
MemTotal:        8080244 kB
MemFree:          953656 kB
Buffers:          223564 kB
Cached:          2864192 kB
SwapCached:            0 kB
Active:          5275412 kB
Inactive:        1506504 kB
Active(anon):    3899220 kB
Inactive(anon):   343092 kB
Active(file):    1376192 kB
Inactive(file):  1163412 kB
Unevictable:          56 kB
Mlocked:              56 kB
SwapTotal:       8270844 kB
SwapFree:        8270824 kB
Dirty:               296 kB
Writeback:             0 kB
AnonPages:       3694260 kB
Mapped:           343820 kB
Shmem:            548156 kB
Slab:             143656 kB
SReclaimable:     103444 kB
SUnreclaim:        40212 kB
KernelStack:        5560 kB
PageTables:        53532 kB
NFS_Unstable:          0 kB
Bounce:                0 kB
WritebackTmp:          0 kB
CommitLimit:    12310964 kB
Committed_AS:    8752608 kB
VmallocTotal:   34359738367 kB
VmallocUsed:      382592 kB
VmallocChunk:   34359327136 kB
HardwareCorrupted:     0 kB
AnonHugePages:         0 kB
HugePages_Total:       0
HugePages_Free:        0
HugePages_Rsvd:        0
HugePages_Surp:        0
Hugepagesize:       2048 kB
DirectMap4k:       75776 kB
DirectMap2M:     8204288 kB


CPU:total 8 (4 cores per cpu, 2 threads per core) family 6 model 42 stepping 7, cmov, cx8, fxsr, mmx, sse, sse2, sse3, ssse3, sse4.1, sse4.2, popcnt, ht

Memory: 4k page, physical 8080244k(953656k free), swap 8270844k(8270824k free)

vm_info: OpenJDK 64-Bit Server VM (20.0-b11) for linux-amd64 JRE (1.6.0_23-b23), built on Feb 23 2012 05:39:46 by "buildd" with gcc 4.6.1

time: Thu Apr 12 02:39:18 2012
elapsed time: 0 seconds

