#
# A fatal error has been detected by the Java Runtime Environment:
#
#  Internal Error (classFileParser.cpp:3494), pid=27914, tid=140432315913984
#  Error: ShouldNotReachHere()
#
# JRE version: 6.0_23-b23
# Java VM: OpenJDK 64-Bit Server VM (20.0-b11 mixed mode linux-amd64 compressed oops)
# Derivative: IcedTea6 1.11pre
# Distribution: Ubuntu 11.10, package 6b23~pre11-0ubuntu1.11.10.2
# If you would like to submit a bug report, please include
# instructions how to reproduce the bug and visit:
#   https://bugs.launchpad.net/ubuntu/+source/openjdk-6/
#

---------------  T H R E A D  ---------------

Current thread (0x0000000000f68800):  JavaThread "Unknown thread" [_thread_in_vm, id=27919, stack(0x00007fb8f23e1000,0x00007fb8f24e2000)]

Stack: [0x00007fb8f23e1000,0x00007fb8f24e2000],  sp=0x00007fb8f24e0060,  free space=1020k
Native frames: (J=compiled Java code, j=interpreted, Vv=VM code, C=native code)
V  [libjvm.so+0x783225]  VMError::report(outputStream*)+0x1255
V  [libjvm.so+0x7834a9]  VMError::report_and_die()+0x169
V  [libjvm.so+0x3bb13a]  report_vm_error(char const*, int, char const*, char const*)+0x4a
V  [libjvm.so+0x351515]  ClassFileParser::parseClassFile(symbolHandle, Handle, Handle, KlassHandle, GrowableArray<Handle>*, symbolHandle&, bool, Thread*)+0x1545
V  [libjvm.so+0x355773]  ClassLoader::load_classfile(symbolHandle, Thread*)+0x1f3
V  [libjvm.so+0x71b564]  SystemDictionary::load_instance_class(symbolHandle, Handle, Thread*)+0x354
V  [libjvm.so+0x719c70]  SystemDictionary::resolve_instance_class_or_null(symbolHandle, Handle, Handle, Thread*)+0x7c0
V  [libjvm.so+0x71bbf3]  SystemDictionary::resolve_or_fail(symbolHandle, Handle, Handle, bool, Thread*)+0x33
V  [libjvm.so+0x71bcd4]  SystemDictionary::resolve_or_fail(symbolHandle, bool, Thread*)+0x14
V  [libjvm.so+0x71bd80]  SystemDictionary::initialize_wk_klass(SystemDictionary::WKID, int, Thread*)+0xa0
V  [libjvm.so+0x71bde9]  SystemDictionary::initialize_wk_klasses_until(SystemDictionary::WKID, SystemDictionary::WKID&, Thread*)+0x59
V  [libjvm.so+0x71bee1]  SystemDictionary::initialize_preloaded_classes(Thread*)+0x71
V  [libjvm.so+0x75f65f]  Universe::genesis(Thread*)+0x11f
V  [libjvm.so+0x76000f]  universe2_init()+0x1f
V  [libjvm.so+0x473ea5]  init_globals()+0x95
V  [libjvm.so+0x749f9a]  Threads::create_vm(JavaVMInitArgs*, bool*)+0x1ea
V  [libjvm.so+0x4cdb51]  JNI_CreateJavaVM+0x61
C  [java+0x315e]  JavaMain+0x7e


---------------  P R O C E S S  ---------------

Java Threads: ( => current thread )

Other Threads:

=>0x0000000000f68800 (exited) JavaThread "Unknown thread" [_thread_in_vm, id=27919, stack(0x00007fb8f23e1000,0x00007fb8f24e2000)]

VM state:not at safepoint (not fully initialized)

VM Mutex/Monitor currently owned by a thread: None

Dynamic libraries:
00400000-00409000 r-xp 00000000 08:03 268773                             /usr/lib/jvm/java-6-openjdk/jre/bin/java
00608000-00609000 r--p 00008000 08:03 268773                             /usr/lib/jvm/java-6-openjdk/jre/bin/java
00609000-0060a000 rw-p 00009000 08:03 268773                             /usr/lib/jvm/java-6-openjdk/jre/bin/java
00f5e000-00fa0000 rw-p 00000000 00:00 0                                  [heap]
77a400000-77b8c0000 rw-p 00000000 00:00 0 
77b8c0000-784a00000 rw-p 00000000 00:00 0 
784a00000-789c40000 rw-p 00000000 00:00 0 
789c40000-7d6e00000 rw-p 00000000 00:00 0 
7d6e00000-7d9710000 rw-p 00000000 00:00 0 
7d9710000-800000000 rw-p 00000000 00:00 0 
7fb8e4000000-7fb8e4057000 rw-p 00000000 00:00 0 
7fb8e4057000-7fb8e8000000 ---p 00000000 00:00 0 
7fb8eb376000-7fb8eb3d5000 r--s 00492000 08:04 15075750                   /home/ben/apps/android-sdk-linux/platforms/android-7/android.jar
7fb8eb3d5000-7fb8eb3fd000 rw-p 00000000 00:00 0 
7fb8eb3fd000-7fb8eb3fe000 ---p 00000000 00:00 0 
7fb8eb3fe000-7fb8eb4fe000 rw-p 00000000 00:00 0 
7fb8eb4fe000-7fb8eb4ff000 ---p 00000000 00:00 0 
7fb8eb4ff000-7fb8eb5ff000 rw-p 00000000 00:00 0 
7fb8eb5ff000-7fb8eb600000 ---p 00000000 00:00 0 
7fb8eb600000-7fb8eb700000 rw-p 00000000 00:00 0 
7fb8eb700000-7fb8eb701000 ---p 00000000 00:00 0 
7fb8eb701000-7fb8eb801000 rw-p 00000000 00:00 0 
7fb8eb801000-7fb8eb802000 ---p 00000000 00:00 0 
7fb8eb802000-7fb8eb902000 rw-p 00000000 00:00 0 
7fb8eb902000-7fb8eb903000 ---p 00000000 00:00 0 
7fb8eb903000-7fb8eba03000 rw-p 00000000 00:00 0 
7fb8eba03000-7fb8eba04000 ---p 00000000 00:00 0 
7fb8eba04000-7fb8ebb04000 rw-p 00000000 00:00 0 
7fb8ebb04000-7fb8ebb05000 ---p 00000000 00:00 0 
7fb8ebb05000-7fb8ebc10000 rw-p 00000000 00:00 0 
7fb8ebc10000-7fb8ebc58000 rw-p 00000000 00:00 0 
7fb8ebc58000-7fb8ebc82000 rw-p 00000000 00:00 0 
7fb8ebc82000-7fb8ebeea000 rw-p 00000000 00:00 0 
7fb8ebeea000-7fb8ebef5000 rw-p 00000000 00:00 0 
7fb8ebef5000-7fb8ebf3d000 rw-p 00000000 00:00 0 
7fb8ebf3d000-7fb8ebf67000 rw-p 00000000 00:00 0 
7fb8ebf67000-7fb8ec1cf000 rw-p 00000000 00:00 0 
7fb8ec1cf000-7fb8ec1e4000 rw-p 00000000 00:00 0 
7fb8ec1e4000-7fb8ec318000 rw-p 00000000 00:00 0 
7fb8ec318000-7fb8ec319000 rw-p 00000000 00:00 0 
7fb8ec319000-7fb8ec589000 rwxp 00000000 00:00 0 
7fb8ec589000-7fb8ef319000 rw-p 00000000 00:00 0 
7fb8ef319000-7fb8ef320000 r-xp 00000000 08:03 282110                     /usr/lib/jvm/java-6-openjdk/jre/lib/amd64/libzip.so
7fb8ef320000-7fb8ef51f000 ---p 00007000 08:03 282110                     /usr/lib/jvm/java-6-openjdk/jre/lib/amd64/libzip.so
7fb8ef51f000-7fb8ef520000 r--p 00006000 08:03 282110                     /usr/lib/jvm/java-6-openjdk/jre/lib/amd64/libzip.so
7fb8ef520000-7fb8ef521000 rw-p 00007000 08:03 282110                     /usr/lib/jvm/java-6-openjdk/jre/lib/amd64/libzip.so
7fb8ef521000-7fb8ef52d000 r-xp 00000000 08:03 533781                     /lib/x86_64-linux-gnu/libnss_files-2.13.so
7fb8ef52d000-7fb8ef72c000 ---p 0000c000 08:03 533781                     /lib/x86_64-linux-gnu/libnss_files-2.13.so
7fb8ef72c000-7fb8ef72d000 r--p 0000b000 08:03 533781                     /lib/x86_64-linux-gnu/libnss_files-2.13.so
7fb8ef72d000-7fb8ef72e000 rw-p 0000c000 08:03 533781                     /lib/x86_64-linux-gnu/libnss_files-2.13.so
7fb8ef72e000-7fb8ef738000 r-xp 00000000 08:03 533783                     /lib/x86_64-linux-gnu/libnss_nis-2.13.so
7fb8ef738000-7fb8ef938000 ---p 0000a000 08:03 533783                     /lib/x86_64-linux-gnu/libnss_nis-2.13.so
7fb8ef938000-7fb8ef939000 r--p 0000a000 08:03 533783                     /lib/x86_64-linux-gnu/libnss_nis-2.13.so
7fb8ef939000-7fb8ef93a000 rw-p 0000b000 08:03 533783                     /lib/x86_64-linux-gnu/libnss_nis-2.13.so
7fb8ef93a000-7fb8ef951000 r-xp 00000000 08:03 533778                     /lib/x86_64-linux-gnu/libnsl-2.13.so
7fb8ef951000-7fb8efb50000 ---p 00017000 08:03 533778                     /lib/x86_64-linux-gnu/libnsl-2.13.so
7fb8efb50000-7fb8efb51000 r--p 00016000 08:03 533778                     /lib/x86_64-linux-gnu/libnsl-2.13.so
7fb8efb51000-7fb8efb52000 rw-p 00017000 08:03 533778                     /lib/x86_64-linux-gnu/libnsl-2.13.so
7fb8efb52000-7fb8efb54000 rw-p 00000000 00:00 0 
7fb8efb54000-7fb8efb5c000 r-xp 00000000 08:03 533779                     /lib/x86_64-linux-gnu/libnss_compat-2.13.so
7fb8efb5c000-7fb8efd5b000 ---p 00008000 08:03 533779                     /lib/x86_64-linux-gnu/libnss_compat-2.13.so
7fb8efd5b000-7fb8efd5c000 r--p 00007000 08:03 533779                     /lib/x86_64-linux-gnu/libnss_compat-2.13.so
7fb8efd5c000-7fb8efd5d000 rw-p 00008000 08:03 533779                     /lib/x86_64-linux-gnu/libnss_compat-2.13.so
7fb8efd5d000-7fb8efd89000 r-xp 00000000 08:03 268812                     /usr/lib/jvm/java-6-openjdk/jre/lib/amd64/libjava.so
7fb8efd89000-7fb8eff88000 ---p 0002c000 08:03 268812                     /usr/lib/jvm/java-6-openjdk/jre/lib/amd64/libjava.so
7fb8eff88000-7fb8eff89000 r--p 0002b000 08:03 268812                     /usr/lib/jvm/java-6-openjdk/jre/lib/amd64/libjava.so
7fb8eff89000-7fb8eff8c000 rw-p 0002c000 08:03 268812                     /usr/lib/jvm/java-6-openjdk/jre/lib/amd64/libjava.so
7fb8eff8c000-7fb8eff9a000 r-xp 00000000 08:03 268796                     /usr/lib/jvm/java-6-openjdk/jre/lib/amd64/libverify.so
7fb8eff9a000-7fb8f0199000 ---p 0000e000 08:03 268796                     /usr/lib/jvm/java-6-openjdk/jre/lib/amd64/libverify.so
7fb8f0199000-7fb8f019b000 r--p 0000d000 08:03 268796                     /usr/lib/jvm/java-6-openjdk/jre/lib/amd64/libverify.so
7fb8f019b000-7fb8f019c000 rw-p 0000f000 08:03 268796                     /usr/lib/jvm/java-6-openjdk/jre/lib/amd64/libverify.so
7fb8f019c000-7fb8f01a3000 r-xp 00000000 08:03 533788                     /lib/x86_64-linux-gnu/librt-2.13.so
7fb8f01a3000-7fb8f03a2000 ---p 00007000 08:03 533788                     /lib/x86_64-linux-gnu/librt-2.13.so
7fb8f03a2000-7fb8f03a3000 r--p 00006000 08:03 533788                     /lib/x86_64-linux-gnu/librt-2.13.so
7fb8f03a3000-7fb8f03a4000 rw-p 00007000 08:03 533788                     /lib/x86_64-linux-gnu/librt-2.13.so
7fb8f03a4000-7fb8f03b9000 r-xp 00000000 08:03 526434                     /lib/x86_64-linux-gnu/libgcc_s.so.1
7fb8f03b9000-7fb8f05b8000 ---p 00015000 08:03 526434                     /lib/x86_64-linux-gnu/libgcc_s.so.1
7fb8f05b8000-7fb8f05b9000 r--p 00014000 08:03 526434                     /lib/x86_64-linux-gnu/libgcc_s.so.1
7fb8f05b9000-7fb8f05ba000 rw-p 00015000 08:03 526434                     /lib/x86_64-linux-gnu/libgcc_s.so.1
7fb8f05ba000-7fb8f063d000 r-xp 00000000 08:03 533776                     /lib/x86_64-linux-gnu/libm-2.13.so
7fb8f063d000-7fb8f083c000 ---p 00083000 08:03 533776                     /lib/x86_64-linux-gnu/libm-2.13.so
7fb8f083c000-7fb8f083d000 r--p 00082000 08:03 533776                     /lib/x86_64-linux-gnu/libm-2.13.so
7fb8f083d000-7fb8f083e000 rw-p 00083000 08:03 533776                     /lib/x86_64-linux-gnu/libm-2.13.so
7fb8f083e000-7fb8f0926000 r-xp 00000000 08:03 272954                     /usr/lib/x86_64-linux-gnu/libstdc++.so.6.0.16
7fb8f0926000-7fb8f0b26000 ---p 000e8000 08:03 272954                     /usr/lib/x86_64-linux-gnu/libstdc++.so.6.0.16
7fb8f0b26000-7fb8f0b2e000 r--p 000e8000 08:03 272954                     /usr/lib/x86_64-linux-gnu/libstdc++.so.6.0.16
7fb8f0b2e000-7fb8f0b30000 rw-p 000f0000 08:03 272954                     /usr/lib/x86_64-linux-gnu/libstdc++.so.6.0.16
7fb8f0b30000-7fb8f0b45000 rw-p 00000000 00:00 0 
7fb8f0b45000-7fb8f1448000 r-xp 00000000 08:03 291240                     /usr/lib/jvm/java-6-openjdk/jre/lib/amd64/server/libjvm.so
7fb8f1448000-7fb8f1647000 ---p 00903000 08:03 291240                     /usr/lib/jvm/java-6-openjdk/jre/lib/amd64/server/libjvm.so
7fb8f1647000-7fb8f16c8000 r--p 00902000 08:03 291240                     /usr/lib/jvm/java-6-openjdk/jre/lib/amd64/server/libjvm.so
7fb8f16c8000-7fb8f16e3000 rw-p 00983000 08:03 291240                     /usr/lib/jvm/java-6-openjdk/jre/lib/amd64/server/libjvm.so
7fb8f16e3000-7fb8f170c000 rw-p 00000000 00:00 0 
7fb8f170c000-7fb8f1723000 r-xp 00000000 08:03 526496                     /lib/x86_64-linux-gnu/libz.so.1.2.3.4
7fb8f1723000-7fb8f1922000 ---p 00017000 08:03 526496                     /lib/x86_64-linux-gnu/libz.so.1.2.3.4
7fb8f1922000-7fb8f1923000 r--p 00016000 08:03 526496                     /lib/x86_64-linux-gnu/libz.so.1.2.3.4
7fb8f1923000-7fb8f1924000 rw-p 00017000 08:03 526496                     /lib/x86_64-linux-gnu/libz.so.1.2.3.4
7fb8f1924000-7fb8f1abb000 r-xp 00000000 08:03 533772                     /lib/x86_64-linux-gnu/libc-2.13.so
7fb8f1abb000-7fb8f1cba000 ---p 00197000 08:03 533772                     /lib/x86_64-linux-gnu/libc-2.13.so
7fb8f1cba000-7fb8f1cbe000 r--p 00196000 08:03 533772                     /lib/x86_64-linux-gnu/libc-2.13.so
7fb8f1cbe000-7fb8f1cbf000 rw-p 0019a000 08:03 533772                     /lib/x86_64-linux-gnu/libc-2.13.so
7fb8f1cbf000-7fb8f1cc5000 rw-p 00000000 00:00 0 
7fb8f1cc5000-7fb8f1cc7000 r-xp 00000000 08:03 533775                     /lib/x86_64-linux-gnu/libdl-2.13.so
7fb8f1cc7000-7fb8f1ec7000 ---p 00002000 08:03 533775                     /lib/x86_64-linux-gnu/libdl-2.13.so
7fb8f1ec7000-7fb8f1ec8000 r--p 00002000 08:03 533775                     /lib/x86_64-linux-gnu/libdl-2.13.so
7fb8f1ec8000-7fb8f1ec9000 rw-p 00003000 08:03 533775                     /lib/x86_64-linux-gnu/libdl-2.13.so
7fb8f1ec9000-7fb8f1ecd000 r-xp 00000000 08:03 268794                     /usr/lib/jvm/java-6-openjdk/jre/lib/amd64/jli/libjli.so
7fb8f1ecd000-7fb8f20cc000 ---p 00004000 08:03 268794                     /usr/lib/jvm/java-6-openjdk/jre/lib/amd64/jli/libjli.so
7fb8f20cc000-7fb8f20cd000 r--p 00003000 08:03 268794                     /usr/lib/jvm/java-6-openjdk/jre/lib/amd64/jli/libjli.so
7fb8f20cd000-7fb8f20ce000 rw-p 00004000 08:03 268794                     /usr/lib/jvm/java-6-openjdk/jre/lib/amd64/jli/libjli.so
7fb8f20ce000-7fb8f20e6000 r-xp 00000000 08:03 533786                     /lib/x86_64-linux-gnu/libpthread-2.13.so
7fb8f20e6000-7fb8f22e5000 ---p 00018000 08:03 533786                     /lib/x86_64-linux-gnu/libpthread-2.13.so
7fb8f22e5000-7fb8f22e6000 r--p 00017000 08:03 533786                     /lib/x86_64-linux-gnu/libpthread-2.13.so
7fb8f22e6000-7fb8f22e7000 rw-p 00018000 08:03 533786                     /lib/x86_64-linux-gnu/libpthread-2.13.so
7fb8f22e7000-7fb8f22eb000 rw-p 00000000 00:00 0 
7fb8f22eb000-7fb8f230c000 r-xp 00000000 08:03 533769                     /lib/x86_64-linux-gnu/ld-2.13.so
7fb8f2321000-7fb8f232b000 rw-p 00000000 00:00 0 
7fb8f232b000-7fb8f23e1000 rw-p 00000000 00:00 0 
7fb8f23e1000-7fb8f23e4000 ---p 00000000 00:00 0 
7fb8f23e4000-7fb8f24e7000 rw-p 00000000 00:00 0 
7fb8f24ff000-7fb8f2507000 rw-s 00000000 08:03 1175612                    /tmp/hsperfdata_ben/27914
7fb8f2507000-7fb8f2508000 rw-p 00000000 00:00 0 
7fb8f2508000-7fb8f2509000 r--p 00000000 00:00 0 
7fb8f2509000-7fb8f250b000 rw-p 00000000 00:00 0 
7fb8f250b000-7fb8f250c000 r--p 00020000 08:03 533769                     /lib/x86_64-linux-gnu/ld-2.13.so
7fb8f250c000-7fb8f250e000 rw-p 00021000 08:03 533769                     /lib/x86_64-linux-gnu/ld-2.13.so
7fff38add000-7fff38afe000 rw-p 00000000 00:00 0                          [stack]
7fff38bff000-7fff38c00000 r-xp 00000000 00:00 0                          [vdso]
ffffffffff600000-ffffffffff601000 r-xp 00000000 00:00 0                  [vsyscall]

VM Arguments:
jvm_args: -Dfile.encoding=UTF-8 -Xbootclasspath:/home/ben/apps/android-sdk-linux/platforms/android-7/android.jar 
java_command: com.benweissmann.zmobile.util.TextWrapper
Launcher Type: SUN_STANDARD

Environment Variables:
PATH=/home/ben/bin:/usr/lib/lightdm/lightdm:/usr/local/sbin:/usr/local/bin:/usr/sbin:/usr/bin:/sbin:/bin:/usr/games:/usr/bin/mh
USERNAME=ben
LD_LIBRARY_PATH=/usr/lib/jvm/java-6-openjdk/jre/lib/amd64/server:/usr/lib/jvm/java-6-openjdk/jre/lib/amd64:/usr/lib/jvm/java-6-openjdk/jre/../lib/amd64
SHELL=/bin/bash
DISPLAY=:0

Signal Handlers:
SIGSEGV: [libjvm.so+0x783e60], sa_mask[0]=0x7ffbfeff, sa_flags=0x10000004
SIGBUS: [libjvm.so+0x783e60], sa_mask[0]=0x7ffbfeff, sa_flags=0x10000004
SIGFPE: [libjvm.so+0x6485c0], sa_mask[0]=0x7ffbfeff, sa_flags=0x10000004
SIGPIPE: [libjvm.so+0x6485c0], sa_mask[0]=0x7ffbfeff, sa_flags=0x10000004
SIGXFSZ: [libjvm.so+0x6485c0], sa_mask[0]=0x7ffbfeff, sa_flags=0x10000004
SIGILL: [libjvm.so+0x6485c0], sa_mask[0]=0x7ffbfeff, sa_flags=0x10000004
SIGUSR1: SIG_DFL, sa_mask[0]=0x00000000, sa_flags=0x00000000
SIGUSR2: [libjvm.so+0x648770], sa_mask[0]=0x00000004, sa_flags=0x10000004
SIGHUP: SIG_DFL, sa_mask[0]=0x00000000, sa_flags=0x00000000
SIGINT: SIG_DFL, sa_mask[0]=0x00000000, sa_flags=0x00000000
SIGTERM: SIG_DFL, sa_mask[0]=0x00000000, sa_flags=0x00000000
SIGQUIT: SIG_DFL, sa_mask[0]=0x00000000, sa_flags=0x00000000


---------------  S Y S T E M  ---------------

OS:LinuxMint 12 (lisa)
uname:Linux 3.0.0-15-generic #26-Ubuntu SMP Fri Jan 20 17:23:00 UTC 2012 x86_64
libc:glibc 2.13 NPTL 2.13 
rlimit: STACK 8192k, CORE 0k, NPROC 62987, NOFILE 4096, AS infinity
load average:0.87 0.70 0.46

/proc/meminfo:
MemTotal:        8080244 kB
MemFree:          666144 kB
Buffers:          224680 kB
Cached:          2848760 kB
SwapCached:            0 kB
Active:          5612820 kB
Inactive:        1451956 kB
Active(anon):    4225500 kB
Inactive(anon):   290772 kB
Active(file):    1387320 kB
Inactive(file):  1161184 kB
Unevictable:          56 kB
Mlocked:              56 kB
SwapTotal:       8270844 kB
SwapFree:        8270824 kB
Dirty:               340 kB
Writeback:             0 kB
AnonPages:       3991492 kB
Mapped:           348548 kB
Shmem:            524940 kB
Slab:             144776 kB
SReclaimable:     103808 kB
SUnreclaim:        40968 kB
KernelStack:        5768 kB
PageTables:        55460 kB
NFS_Unstable:          0 kB
Bounce:                0 kB
WritebackTmp:          0 kB
CommitLimit:    12310964 kB
Committed_AS:    9282988 kB
VmallocTotal:   34359738367 kB
VmallocUsed:      382400 kB
VmallocChunk:   34359324192 kB
HardwareCorrupted:     0 kB
AnonHugePages:         0 kB
HugePages_Total:       0
HugePages_Free:        0
HugePages_Rsvd:        0
HugePages_Surp:        0
Hugepagesize:       2048 kB
DirectMap4k:       75776 kB
DirectMap2M:     8204288 kB


CPU:total 8 (4 cores per cpu, 2 threads per core) family 6 model 42 stepping 7, cmov, cx8, fxsr, mmx, sse, sse2, sse3, ssse3, sse4.1, sse4.2, popcnt, ht

Memory: 4k page, physical 8080244k(666144k free), swap 8270844k(8270824k free)

vm_info: OpenJDK 64-Bit Server VM (20.0-b11) for linux-amd64 JRE (1.6.0_23-b23), built on Feb 23 2012 05:39:46 by "buildd" with gcc 4.6.1

time: Thu Apr 12 02:48:55 2012
elapsed time: 0 seconds

