#
# A fatal error has been detected by the Java Runtime Environment:
#
#  Internal Error (classFileParser.cpp:3494), pid=27410, tid=140679955613440
#  Error: ShouldNotReachHere()
#
# JRE version: 6.0_23-b23
# Java VM: OpenJDK 64-Bit Server VM (20.0-b11 mixed mode linux-amd64 compressed oops)
# Derivative: IcedTea6 1.11pre
# Distribution: Ubuntu 11.10, package 6b23~pre11-0ubuntu1.11.10.2
# If you would like to submit a bug report, please include
# instructions how to reproduce the bug and visit:
#   https://bugs.launchpad.net/ubuntu/+source/openjdk-6/
#

---------------  T H R E A D  ---------------

Current thread (0x00000000006f1800):  JavaThread "Unknown thread" [_thread_in_vm, id=27415, stack(0x00007ff29ab80000,0x00007ff29ac81000)]

Stack: [0x00007ff29ab80000,0x00007ff29ac81000],  sp=0x00007ff29ac7f060,  free space=1020k
Native frames: (J=compiled Java code, j=interpreted, Vv=VM code, C=native code)
V  [libjvm.so+0x783225]  VMError::report(outputStream*)+0x1255
V  [libjvm.so+0x7834a9]  VMError::report_and_die()+0x169
V  [libjvm.so+0x3bb13a]  report_vm_error(char const*, int, char const*, char const*)+0x4a
V  [libjvm.so+0x351515]  ClassFileParser::parseClassFile(symbolHandle, Handle, Handle, KlassHandle, GrowableArray<Handle>*, symbolHandle&, bool, Thread*)+0x1545
V  [libjvm.so+0x355773]  ClassLoader::load_classfile(symbolHandle, Thread*)+0x1f3
V  [libjvm.so+0x71b564]  SystemDictionary::load_instance_class(symbolHandle, Handle, Thread*)+0x354
V  [libjvm.so+0x719c70]  SystemDictionary::resolve_instance_class_or_null(symbolHandle, Handle, Handle, Thread*)+0x7c0
V  [libjvm.so+0x71bbf3]  SystemDictionary::resolve_or_fail(symbolHandle, Handle, Handle, bool, Thread*)+0x33
V  [libjvm.so+0x71bcd4]  SystemDictionary::resolve_or_fail(symbolHandle, bool, Thread*)+0x14
V  [libjvm.so+0x71bd80]  SystemDictionary::initialize_wk_klass(SystemDictionary::WKID, int, Thread*)+0xa0
V  [libjvm.so+0x71bde9]  SystemDictionary::initialize_wk_klasses_until(SystemDictionary::WKID, SystemDictionary::WKID&, Thread*)+0x59
V  [libjvm.so+0x71bee1]  SystemDictionary::initialize_preloaded_classes(Thread*)+0x71
V  [libjvm.so+0x75f65f]  Universe::genesis(Thread*)+0x11f
V  [libjvm.so+0x76000f]  universe2_init()+0x1f
V  [libjvm.so+0x473ea5]  init_globals()+0x95
V  [libjvm.so+0x749f9a]  Threads::create_vm(JavaVMInitArgs*, bool*)+0x1ea
V  [libjvm.so+0x4cdb51]  JNI_CreateJavaVM+0x61
C  [java+0x315e]  JavaMain+0x7e


---------------  P R O C E S S  ---------------

Java Threads: ( => current thread )

Other Threads:

=>0x00000000006f1800 (exited) JavaThread "Unknown thread" [_thread_in_vm, id=27415, stack(0x00007ff29ab80000,0x00007ff29ac81000)]

VM state:not at safepoint (not fully initialized)

VM Mutex/Monitor currently owned by a thread: None

Dynamic libraries:
00400000-00409000 r-xp 00000000 08:03 268773                             /usr/lib/jvm/java-6-openjdk/jre/bin/java
00608000-00609000 r--p 00008000 08:03 268773                             /usr/lib/jvm/java-6-openjdk/jre/bin/java
00609000-0060a000 rw-p 00009000 08:03 268773                             /usr/lib/jvm/java-6-openjdk/jre/bin/java
006e7000-00780000 rw-p 00000000 00:00 0                                  [heap]
77a400000-77b8c0000 rw-p 00000000 00:00 0 
77b8c0000-784a00000 rw-p 00000000 00:00 0 
784a00000-789c40000 rw-p 00000000 00:00 0 
789c40000-7d6e00000 rw-p 00000000 00:00 0 
7d6e00000-7d9710000 rw-p 00000000 00:00 0 
7d9710000-800000000 rw-p 00000000 00:00 0 
7ff28c000000-7ff28c021000 rw-p 00000000 00:00 0 
7ff28c021000-7ff290000000 ---p 00000000 00:00 0 
7ff293b15000-7ff293b74000 r--s 00492000 08:04 15075750                   /home/ben/apps/android-sdk-linux/platforms/android-7/android.jar
7ff293b74000-7ff293b9c000 rw-p 00000000 00:00 0 
7ff293b9c000-7ff293b9d000 ---p 00000000 00:00 0 
7ff293b9d000-7ff293c9d000 rw-p 00000000 00:00 0 
7ff293c9d000-7ff293c9e000 ---p 00000000 00:00 0 
7ff293c9e000-7ff293d9e000 rw-p 00000000 00:00 0 
7ff293d9e000-7ff293d9f000 ---p 00000000 00:00 0 
7ff293d9f000-7ff293e9f000 rw-p 00000000 00:00 0 
7ff293e9f000-7ff293ea0000 ---p 00000000 00:00 0 
7ff293ea0000-7ff293fa0000 rw-p 00000000 00:00 0 
7ff293fa0000-7ff293fa1000 ---p 00000000 00:00 0 
7ff293fa1000-7ff2940a1000 rw-p 00000000 00:00 0 
7ff2940a1000-7ff2940a2000 ---p 00000000 00:00 0 
7ff2940a2000-7ff2941a2000 rw-p 00000000 00:00 0 
7ff2941a2000-7ff2941a3000 ---p 00000000 00:00 0 
7ff2941a3000-7ff2942a3000 rw-p 00000000 00:00 0 
7ff2942a3000-7ff2942a4000 ---p 00000000 00:00 0 
7ff2942a4000-7ff2943af000 rw-p 00000000 00:00 0 
7ff2943af000-7ff2943f7000 rw-p 00000000 00:00 0 
7ff2943f7000-7ff294421000 rw-p 00000000 00:00 0 
7ff294421000-7ff294689000 rw-p 00000000 00:00 0 
7ff294689000-7ff294694000 rw-p 00000000 00:00 0 
7ff294694000-7ff2946dc000 rw-p 00000000 00:00 0 
7ff2946dc000-7ff294706000 rw-p 00000000 00:00 0 
7ff294706000-7ff29496e000 rw-p 00000000 00:00 0 
7ff29496e000-7ff294983000 rw-p 00000000 00:00 0 
7ff294983000-7ff294ab7000 rw-p 00000000 00:00 0 
7ff294ab7000-7ff294ab8000 rw-p 00000000 00:00 0 
7ff294ab8000-7ff294d28000 rwxp 00000000 00:00 0 
7ff294d28000-7ff297ab8000 rw-p 00000000 00:00 0 
7ff297ab8000-7ff297abf000 r-xp 00000000 08:03 282110                     /usr/lib/jvm/java-6-openjdk/jre/lib/amd64/libzip.so
7ff297abf000-7ff297cbe000 ---p 00007000 08:03 282110                     /usr/lib/jvm/java-6-openjdk/jre/lib/amd64/libzip.so
7ff297cbe000-7ff297cbf000 r--p 00006000 08:03 282110                     /usr/lib/jvm/java-6-openjdk/jre/lib/amd64/libzip.so
7ff297cbf000-7ff297cc0000 rw-p 00007000 08:03 282110                     /usr/lib/jvm/java-6-openjdk/jre/lib/amd64/libzip.so
7ff297cc0000-7ff297ccc000 r-xp 00000000 08:03 533781                     /lib/x86_64-linux-gnu/libnss_files-2.13.so
7ff297ccc000-7ff297ecb000 ---p 0000c000 08:03 533781                     /lib/x86_64-linux-gnu/libnss_files-2.13.so
7ff297ecb000-7ff297ecc000 r--p 0000b000 08:03 533781                     /lib/x86_64-linux-gnu/libnss_files-2.13.so
7ff297ecc000-7ff297ecd000 rw-p 0000c000 08:03 533781                     /lib/x86_64-linux-gnu/libnss_files-2.13.so
7ff297ecd000-7ff297ed7000 r-xp 00000000 08:03 533783                     /lib/x86_64-linux-gnu/libnss_nis-2.13.so
7ff297ed7000-7ff2980d7000 ---p 0000a000 08:03 533783                     /lib/x86_64-linux-gnu/libnss_nis-2.13.so
7ff2980d7000-7ff2980d8000 r--p 0000a000 08:03 533783                     /lib/x86_64-linux-gnu/libnss_nis-2.13.so
7ff2980d8000-7ff2980d9000 rw-p 0000b000 08:03 533783                     /lib/x86_64-linux-gnu/libnss_nis-2.13.so
7ff2980d9000-7ff2980f0000 r-xp 00000000 08:03 533778                     /lib/x86_64-linux-gnu/libnsl-2.13.so
7ff2980f0000-7ff2982ef000 ---p 00017000 08:03 533778                     /lib/x86_64-linux-gnu/libnsl-2.13.so
7ff2982ef000-7ff2982f0000 r--p 00016000 08:03 533778                     /lib/x86_64-linux-gnu/libnsl-2.13.so
7ff2982f0000-7ff2982f1000 rw-p 00017000 08:03 533778                     /lib/x86_64-linux-gnu/libnsl-2.13.so
7ff2982f1000-7ff2982f3000 rw-p 00000000 00:00 0 
7ff2982f3000-7ff2982fb000 r-xp 00000000 08:03 533779                     /lib/x86_64-linux-gnu/libnss_compat-2.13.so
7ff2982fb000-7ff2984fa000 ---p 00008000 08:03 533779                     /lib/x86_64-linux-gnu/libnss_compat-2.13.so
7ff2984fa000-7ff2984fb000 r--p 00007000 08:03 533779                     /lib/x86_64-linux-gnu/libnss_compat-2.13.so
7ff2984fb000-7ff2984fc000 rw-p 00008000 08:03 533779                     /lib/x86_64-linux-gnu/libnss_compat-2.13.so
7ff2984fc000-7ff298528000 r-xp 00000000 08:03 268812                     /usr/lib/jvm/java-6-openjdk/jre/lib/amd64/libjava.so
7ff298528000-7ff298727000 ---p 0002c000 08:03 268812                     /usr/lib/jvm/java-6-openjdk/jre/lib/amd64/libjava.so
7ff298727000-7ff298728000 r--p 0002b000 08:03 268812                     /usr/lib/jvm/java-6-openjdk/jre/lib/amd64/libjava.so
7ff298728000-7ff29872b000 rw-p 0002c000 08:03 268812                     /usr/lib/jvm/java-6-openjdk/jre/lib/amd64/libjava.so
7ff29872b000-7ff298739000 r-xp 00000000 08:03 268796                     /usr/lib/jvm/java-6-openjdk/jre/lib/amd64/libverify.so
7ff298739000-7ff298938000 ---p 0000e000 08:03 268796                     /usr/lib/jvm/java-6-openjdk/jre/lib/amd64/libverify.so
7ff298938000-7ff29893a000 r--p 0000d000 08:03 268796                     /usr/lib/jvm/java-6-openjdk/jre/lib/amd64/libverify.so
7ff29893a000-7ff29893b000 rw-p 0000f000 08:03 268796                     /usr/lib/jvm/java-6-openjdk/jre/lib/amd64/libverify.so
7ff29893b000-7ff298942000 r-xp 00000000 08:03 533788                     /lib/x86_64-linux-gnu/librt-2.13.so
7ff298942000-7ff298b41000 ---p 00007000 08:03 533788                     /lib/x86_64-linux-gnu/librt-2.13.so
7ff298b41000-7ff298b42000 r--p 00006000 08:03 533788                     /lib/x86_64-linux-gnu/librt-2.13.so
7ff298b42000-7ff298b43000 rw-p 00007000 08:03 533788                     /lib/x86_64-linux-gnu/librt-2.13.so
7ff298b43000-7ff298b58000 r-xp 00000000 08:03 526434                     /lib/x86_64-linux-gnu/libgcc_s.so.1
7ff298b58000-7ff298d57000 ---p 00015000 08:03 526434                     /lib/x86_64-linux-gnu/libgcc_s.so.1
7ff298d57000-7ff298d58000 r--p 00014000 08:03 526434                     /lib/x86_64-linux-gnu/libgcc_s.so.1
7ff298d58000-7ff298d59000 rw-p 00015000 08:03 526434                     /lib/x86_64-linux-gnu/libgcc_s.so.1
7ff298d59000-7ff298ddc000 r-xp 00000000 08:03 533776                     /lib/x86_64-linux-gnu/libm-2.13.so
7ff298ddc000-7ff298fdb000 ---p 00083000 08:03 533776                     /lib/x86_64-linux-gnu/libm-2.13.so
7ff298fdb000-7ff298fdc000 r--p 00082000 08:03 533776                     /lib/x86_64-linux-gnu/libm-2.13.so
7ff298fdc000-7ff298fdd000 rw-p 00083000 08:03 533776                     /lib/x86_64-linux-gnu/libm-2.13.so
7ff298fdd000-7ff2990c5000 r-xp 00000000 08:03 272954                     /usr/lib/x86_64-linux-gnu/libstdc++.so.6.0.16
7ff2990c5000-7ff2992c5000 ---p 000e8000 08:03 272954                     /usr/lib/x86_64-linux-gnu/libstdc++.so.6.0.16
7ff2992c5000-7ff2992cd000 r--p 000e8000 08:03 272954                     /usr/lib/x86_64-linux-gnu/libstdc++.so.6.0.16
7ff2992cd000-7ff2992cf000 rw-p 000f0000 08:03 272954                     /usr/lib/x86_64-linux-gnu/libstdc++.so.6.0.16
7ff2992cf000-7ff2992e4000 rw-p 00000000 00:00 0 
7ff2992e4000-7ff299be7000 r-xp 00000000 08:03 291240                     /usr/lib/jvm/java-6-openjdk/jre/lib/amd64/server/libjvm.so
7ff299be7000-7ff299de6000 ---p 00903000 08:03 291240                     /usr/lib/jvm/java-6-openjdk/jre/lib/amd64/server/libjvm.so
7ff299de6000-7ff299e67000 r--p 00902000 08:03 291240                     /usr/lib/jvm/java-6-openjdk/jre/lib/amd64/server/libjvm.so
7ff299e67000-7ff299e82000 rw-p 00983000 08:03 291240                     /usr/lib/jvm/java-6-openjdk/jre/lib/amd64/server/libjvm.so
7ff299e82000-7ff299eab000 rw-p 00000000 00:00 0 
7ff299eab000-7ff299ec2000 r-xp 00000000 08:03 526496                     /lib/x86_64-linux-gnu/libz.so.1.2.3.4
7ff299ec2000-7ff29a0c1000 ---p 00017000 08:03 526496                     /lib/x86_64-linux-gnu/libz.so.1.2.3.4
7ff29a0c1000-7ff29a0c2000 r--p 00016000 08:03 526496                     /lib/x86_64-linux-gnu/libz.so.1.2.3.4
7ff29a0c2000-7ff29a0c3000 rw-p 00017000 08:03 526496                     /lib/x86_64-linux-gnu/libz.so.1.2.3.4
7ff29a0c3000-7ff29a25a000 r-xp 00000000 08:03 533772                     /lib/x86_64-linux-gnu/libc-2.13.so
7ff29a25a000-7ff29a459000 ---p 00197000 08:03 533772                     /lib/x86_64-linux-gnu/libc-2.13.so
7ff29a459000-7ff29a45d000 r--p 00196000 08:03 533772                     /lib/x86_64-linux-gnu/libc-2.13.so
7ff29a45d000-7ff29a45e000 rw-p 0019a000 08:03 533772                     /lib/x86_64-linux-gnu/libc-2.13.so
7ff29a45e000-7ff29a464000 rw-p 00000000 00:00 0 
7ff29a464000-7ff29a466000 r-xp 00000000 08:03 533775                     /lib/x86_64-linux-gnu/libdl-2.13.so
7ff29a466000-7ff29a666000 ---p 00002000 08:03 533775                     /lib/x86_64-linux-gnu/libdl-2.13.so
7ff29a666000-7ff29a667000 r--p 00002000 08:03 533775                     /lib/x86_64-linux-gnu/libdl-2.13.so
7ff29a667000-7ff29a668000 rw-p 00003000 08:03 533775                     /lib/x86_64-linux-gnu/libdl-2.13.so
7ff29a668000-7ff29a66c000 r-xp 00000000 08:03 268794                     /usr/lib/jvm/java-6-openjdk/jre/lib/amd64/jli/libjli.so
7ff29a66c000-7ff29a86b000 ---p 00004000 08:03 268794                     /usr/lib/jvm/java-6-openjdk/jre/lib/amd64/jli/libjli.so
7ff29a86b000-7ff29a86c000 r--p 00003000 08:03 268794                     /usr/lib/jvm/java-6-openjdk/jre/lib/amd64/jli/libjli.so
7ff29a86c000-7ff29a86d000 rw-p 00004000 08:03 268794                     /usr/lib/jvm/java-6-openjdk/jre/lib/amd64/jli/libjli.so
7ff29a86d000-7ff29a885000 r-xp 00000000 08:03 533786                     /lib/x86_64-linux-gnu/libpthread-2.13.so
7ff29a885000-7ff29aa84000 ---p 00018000 08:03 533786                     /lib/x86_64-linux-gnu/libpthread-2.13.so
7ff29aa84000-7ff29aa85000 r--p 00017000 08:03 533786                     /lib/x86_64-linux-gnu/libpthread-2.13.so
7ff29aa85000-7ff29aa86000 rw-p 00018000 08:03 533786                     /lib/x86_64-linux-gnu/libpthread-2.13.so
7ff29aa86000-7ff29aa8a000 rw-p 00000000 00:00 0 
7ff29aa8a000-7ff29aaab000 r-xp 00000000 08:03 533769                     /lib/x86_64-linux-gnu/ld-2.13.so
7ff29aac0000-7ff29aaca000 rw-p 00000000 00:00 0 
7ff29aaca000-7ff29ab80000 rw-p 00000000 00:00 0 
7ff29ab80000-7ff29ab83000 ---p 00000000 00:00 0 
7ff29ab83000-7ff29ac86000 rw-p 00000000 00:00 0 
7ff29ac9e000-7ff29aca6000 rw-s 00000000 08:03 1175608                    /tmp/hsperfdata_ben/27410
7ff29aca6000-7ff29aca7000 rw-p 00000000 00:00 0 
7ff29aca7000-7ff29aca8000 r--p 00000000 00:00 0 
7ff29aca8000-7ff29acaa000 rw-p 00000000 00:00 0 
7ff29acaa000-7ff29acab000 r--p 00020000 08:03 533769                     /lib/x86_64-linux-gnu/ld-2.13.so
7ff29acab000-7ff29acad000 rw-p 00021000 08:03 533769                     /lib/x86_64-linux-gnu/ld-2.13.so
7fff8de6f000-7fff8de90000 rw-p 00000000 00:00 0                          [stack]
7fff8dfff000-7fff8e000000 r-xp 00000000 00:00 0                          [vdso]
ffffffffff600000-ffffffffff601000 r-xp 00000000 00:00 0                  [vsyscall]

VM Arguments:
jvm_args: -Dfile.encoding=UTF-8 -Xbootclasspath:/home/ben/apps/android-sdk-linux/platforms/android-7/android.jar 
java_command: com.benweissmann.zmobile.util.TextWrapper
Launcher Type: SUN_STANDARD

Environment Variables:
PATH=/home/ben/bin:/usr/lib/lightdm/lightdm:/usr/local/sbin:/usr/local/bin:/usr/sbin:/usr/bin:/sbin:/bin:/usr/games:/usr/bin/mh
USERNAME=ben
LD_LIBRARY_PATH=/usr/lib/jvm/java-6-openjdk/jre/lib/amd64/server:/usr/lib/jvm/java-6-openjdk/jre/lib/amd64:/usr/lib/jvm/java-6-openjdk/jre/../lib/amd64
SHELL=/bin/bash
DISPLAY=:0

Signal Handlers:
SIGSEGV: [libjvm.so+0x783e60], sa_mask[0]=0x7ffbfeff, sa_flags=0x10000004
SIGBUS: [libjvm.so+0x783e60], sa_mask[0]=0x7ffbfeff, sa_flags=0x10000004
SIGFPE: [libjvm.so+0x6485c0], sa_mask[0]=0x7ffbfeff, sa_flags=0x10000004
SIGPIPE: [libjvm.so+0x6485c0], sa_mask[0]=0x7ffbfeff, sa_flags=0x10000004
SIGXFSZ: [libjvm.so+0x6485c0], sa_mask[0]=0x7ffbfeff, sa_flags=0x10000004
SIGILL: [libjvm.so+0x6485c0], sa_mask[0]=0x7ffbfeff, sa_flags=0x10000004
SIGUSR1: SIG_DFL, sa_mask[0]=0x00000000, sa_flags=0x00000000
SIGUSR2: [libjvm.so+0x648770], sa_mask[0]=0x00000004, sa_flags=0x10000004
SIGHUP: SIG_DFL, sa_mask[0]=0x00000000, sa_flags=0x00000000
SIGINT: SIG_DFL, sa_mask[0]=0x00000000, sa_flags=0x00000000
SIGTERM: SIG_DFL, sa_mask[0]=0x00000000, sa_flags=0x00000000
SIGQUIT: SIG_DFL, sa_mask[0]=0x00000000, sa_flags=0x00000000


---------------  S Y S T E M  ---------------

OS:LinuxMint 12 (lisa)
uname:Linux 3.0.0-15-generic #26-Ubuntu SMP Fri Jan 20 17:23:00 UTC 2012 x86_64
libc:glibc 2.13 NPTL 2.13 
rlimit: STACK 8192k, CORE 0k, NPROC 62987, NOFILE 4096, AS infinity
load average:0.10 0.22 0.22

/proc/meminfo:
MemTotal:        8080244 kB
MemFree:          955880 kB
Buffers:          223540 kB
Cached:          2865616 kB
SwapCached:            0 kB
Active:          5264948 kB
Inactive:        1514244 kB
Active(anon):    3890792 kB
Inactive(anon):   349116 kB
Active(file):    1374156 kB
Inactive(file):  1165128 kB
Unevictable:          56 kB
Mlocked:              56 kB
SwapTotal:       8270844 kB
SwapFree:        8270824 kB
Dirty:               308 kB
Writeback:             0 kB
AnonPages:       3690432 kB
Mapped:           343748 kB
Shmem:            549508 kB
Slab:             143548 kB
SReclaimable:     103340 kB
SUnreclaim:        40208 kB
KernelStack:        5560 kB
PageTables:        53532 kB
NFS_Unstable:          0 kB
Bounce:                0 kB
WritebackTmp:          0 kB
CommitLimit:    12310964 kB
Committed_AS:    8752184 kB
VmallocTotal:   34359738367 kB
VmallocUsed:      382592 kB
VmallocChunk:   34359327192 kB
HardwareCorrupted:     0 kB
AnonHugePages:         0 kB
HugePages_Total:       0
HugePages_Free:        0
HugePages_Rsvd:        0
HugePages_Surp:        0
Hugepagesize:       2048 kB
DirectMap4k:       75776 kB
DirectMap2M:     8204288 kB


CPU:total 8 (4 cores per cpu, 2 threads per core) family 6 model 42 stepping 7, cmov, cx8, fxsr, mmx, sse, sse2, sse3, ssse3, sse4.1, sse4.2, popcnt, ht

Memory: 4k page, physical 8080244k(955880k free), swap 8270844k(8270824k free)

vm_info: OpenJDK 64-Bit Server VM (20.0-b11) for linux-amd64 JRE (1.6.0_23-b23), built on Feb 23 2012 05:39:46 by "buildd" with gcc 4.6.1

time: Thu Apr 12 02:39:03 2012
elapsed time: 0 seconds

